...............................                                          [100%]
================================ tests coverage ================================
_______________ coverage: platform darwin, python 3.12.8-final-0 _______________

Name    Stmts   Miss Branch BrPart  Cover   Missing
---------------------------------------------------
TOTAL     408      0     34      0   100%

5 files skipped due to complete coverage.
Coverage HTML written to dir qa_evidence/reports/htmlcov
Coverage XML written to file qa_evidence/reports/coverage.xml
Required test coverage of 100.0% reached. Total coverage: 100.00%
31 passed in 0.95s
